2025-01-14 15:27:00 | INFO | repo=course-sys-int-systems-exam | action=commit
2025-07-24 07:49:00 | INFO | repo=course-sys-int-systems-exam | action=edit | files=1
2025-09-28 11:12:00 | WARN | repo=course-sys-int-systems-exam | action=test | passed=true
2025-04-17 18:48:00 | DEBUG | repo=course-sys-int-systems-exam | action=commit
2025-01-03 21:11:00 | INFO | repo=course-sys-int-systems-exam | action=commit
2025-09-09 19:55:00 | INFO | repo=course-sys-int-systems-exam | action=test | passed=true
2025-09-03 15:10:00 | DEBUG | repo=course-sys-int-systems-exam | action=commit
2025-10-01 13:42:00 | INFO | repo=course-sys-int-systems-exam | action=pull
2025-10-19 16:25:00 | INFO | repo=course-sys-int-systems-exam | action=edit | files=4
2025-09-25 07:58:00 | WARN | repo=course-sys-int-systems-exam | action=commit
2025-03-10 08:01:00 | DEBUG | repo=course-sys-int-systems-exam | action=test | passed=true
2025-08-22 10:58:00 | DEBUG | repo=course-sys-int-systems-exam | action=commit
2025-12-16 07:20:00 | INFO | repo=course-sys-int-systems-exam | action=commit
2025-11-13 07:33:00 | DEBUG | repo=course-sys-int-systems-exam | action=pull
2025-02-28 12:34:00 | WARN | repo=course-sys-int-systems-exam | action=commit
2025-04-19 21:03:00 | INFO | repo=course-sys-int-systems-exam | action=commit
2025-03-03 13:39:00 | WARN | repo=course-sys-int-systems-exam | action=commit
2025-02-25 08:01:00 | INFO | repo=course-sys-int-systems-exam | action=commit
2025-08-01 21:20:00 | DEBUG | repo=course-sys-int-systems-exam | action=edit | files=5
2025-12-20 14:22:00 | DEBUG | repo=course-sys-int-systems-exam | action=pull
2025-04-20 14:52:00 | WARN | repo=course-sys-int-systems-exam | action=commit
2025-06-06 19:12:00 | INFO | repo=course-sys-int-systems-exam | action=commit
2025-08-21 09:49:00 | DEBUG | repo=course-sys-int-systems-exam | action=commit
2025-03-28 21:00:00 | INFO | repo=course-sys-int-systems-exam | action=commit
2025-05-20 21:22:00 | DEBUG | repo=course-sys-int-systems-exam | action=edit | files=5
2025-05-16 13:37:00 | DEBUG | repo=course-sys-int-systems-exam | action=commit
2025-12-07 20:19:00 | DEBUG | repo=course-sys-int-systems-exam | action=test | passed=true
2025-01-26 17:39:00 | WARN | repo=course-sys-int-systems-exam | action=commit
2025-04-06 07:42:00 | DEBUG | repo=course-sys-int-systems-exam | action=commit
2025-02-21 09:31:00 | INFO | repo=course-sys-int-systems-exam | action=edit | files=1
2025-04-04 11:40:00 | WARN | repo=course-sys-int-systems-exam | action=pull
2025-02-22 17:26:00 | DEBUG | repo=course-sys-int-systems-exam | action=commit
2025-01-27 11:46:00 | INFO | repo=course-sys-int-systems-exam | action=commit
2025-05-02 20:45:00 | DEBUG | repo=course-sys-int-systems-exam | action=commit
2025-04-19 21:42:00 | WARN | repo=course-sys-int-systems-exam | action=commit
2025-07-16 11:17:00 | WARN | repo=course-sys-int-systems-exam | action=commit
2025-02-24 17:50:00 | DEBUG | repo=course-sys-int-systems-exam | action=commit
